Started GET "/" for 127.0.0.1 at 2024-01-23 13:16:38 -0500
  [1m[36mActiveRecord::SchemaMigration Load (2.3ms)[0m  [1m[34mSELECT "schema_migrations"."version" FROM "schema_migrations" ORDER BY "schema_migrations"."version" ASC[0m
  
ActiveRecord::PendingMigrationError (

Migrations are pending. To resolve this issue, run:

        bin/rails db:migrate

You have 1 pending migration:

db/migrate/20240121221347_create_api_keys.rb


):
  
activerecord (7.1.3) lib/active_record/migration.rb:755:in `check_pending_migrations'
activerecord (7.1.3) lib/active_record/migration.rb:644:in `block (2 levels) in call'
activesupport (7.1.3) lib/active_support/file_update_checker.rb:85:in `execute'
activerecord (7.1.3) lib/active_record/migration.rb:649:in `block in call'
activerecord (7.1.3) lib/active_record/migration.rb:641:in `synchronize'
activerecord (7.1.3) lib/active_record/migration.rb:641:in `call'
actionpack (7.1.3) lib/action_dispatch/middleware/callbacks.rb:29:in `block in call'
activesupport (7.1.3) lib/active_support/callbacks.rb:101:in `run_callbacks'
actionpack (7.1.3) lib/action_dispatch/middleware/callbacks.rb:28:in `call'
actionpack (7.1.3) lib/action_dispatch/middleware/executor.rb:14:in `call'
actionpack (7.1.3) lib/action_dispatch/middleware/actionable_exceptions.rb:16:in `call'
actionpack (7.1.3) lib/action_dispatch/middleware/debug_exceptions.rb:29:in `call'
actionpack (7.1.3) lib/action_dispatch/middleware/show_exceptions.rb:31:in `call'
railties (7.1.3) lib/rails/rack/logger.rb:37:in `call_app'
railties (7.1.3) lib/rails/rack/logger.rb:24:in `block in call'
activesupport (7.1.3) lib/active_support/tagged_logging.rb:135:in `block in tagged'
activesupport (7.1.3) lib/active_support/tagged_logging.rb:39:in `tagged'
activesupport (7.1.3) lib/active_support/tagged_logging.rb:135:in `tagged'
activesupport (7.1.3) lib/active_support/broadcast_logger.rb:240:in `method_missing'
railties (7.1.3) lib/rails/rack/logger.rb:24:in `call'
actionpack (7.1.3) lib/action_dispatch/middleware/remote_ip.rb:92:in `call'
actionpack (7.1.3) lib/action_dispatch/middleware/request_id.rb:28:in `call'
rack (3.0.8) lib/rack/runtime.rb:24:in `call'
activesupport (7.1.3) lib/active_support/cache/strategy/local_cache_middleware.rb:29:in `call'
actionpack (7.1.3) lib/action_dispatch/middleware/server_timing.rb:59:in `block in call'
actionpack (7.1.3) lib/action_dispatch/middleware/server_timing.rb:24:in `collect_events'
actionpack (7.1.3) lib/action_dispatch/middleware/server_timing.rb:58:in `call'
actionpack (7.1.3) lib/action_dispatch/middleware/executor.rb:14:in `call'
actionpack (7.1.3) lib/action_dispatch/middleware/static.rb:25:in `call'
rack (3.0.8) lib/rack/sendfile.rb:114:in `call'
actionpack (7.1.3) lib/action_dispatch/middleware/host_authorization.rb:141:in `call'
railties (7.1.3) lib/rails/engine.rb:536:in `call'
puma (6.4.2) lib/puma/configuration.rb:272:in `call'
puma (6.4.2) lib/puma/request.rb:100:in `block in handle_request'
puma (6.4.2) lib/puma/thread_pool.rb:378:in `with_force_shutdown'
puma (6.4.2) lib/puma/request.rb:99:in `handle_request'
puma (6.4.2) lib/puma/server.rb:464:in `process_client'
puma (6.4.2) lib/puma/server.rb:245:in `block in run'
puma (6.4.2) lib/puma/thread_pool.rb:155:in `block in spawn_thread'
Started GET "/favicon.ico" for 127.0.0.1 at 2024-01-23 13:16:39 -0500
  [1m[36mActiveRecord::SchemaMigration Load (0.5ms)[0m  [1m[34mSELECT "schema_migrations"."version" FROM "schema_migrations" ORDER BY "schema_migrations"."version" ASC[0m
  
ActiveRecord::PendingMigrationError (

Migrations are pending. To resolve this issue, run:

        bin/rails db:migrate

You have 1 pending migration:

db/migrate/20240121221347_create_api_keys.rb


):
  
activerecord (7.1.3) lib/active_record/migration.rb:755:in `check_pending_migrations'
activerecord (7.1.3) lib/active_record/migration.rb:644:in `block (2 levels) in call'
activesupport (7.1.3) lib/active_support/file_update_checker.rb:85:in `execute'
activerecord (7.1.3) lib/active_record/migration.rb:649:in `block in call'
activerecord (7.1.3) lib/active_record/migration.rb:641:in `synchronize'
activerecord (7.1.3) lib/active_record/migration.rb:641:in `call'
actionpack (7.1.3) lib/action_dispatch/middleware/callbacks.rb:29:in `block in call'
activesupport (7.1.3) lib/active_support/callbacks.rb:101:in `run_callbacks'
actionpack (7.1.3) lib/action_dispatch/middleware/callbacks.rb:28:in `call'
actionpack (7.1.3) lib/action_dispatch/middleware/executor.rb:14:in `call'
actionpack (7.1.3) lib/action_dispatch/middleware/actionable_exceptions.rb:16:in `call'
actionpack (7.1.3) lib/action_dispatch/middleware/debug_exceptions.rb:29:in `call'
actionpack (7.1.3) lib/action_dispatch/middleware/show_exceptions.rb:31:in `call'
railties (7.1.3) lib/rails/rack/logger.rb:37:in `call_app'
railties (7.1.3) lib/rails/rack/logger.rb:24:in `block in call'
activesupport (7.1.3) lib/active_support/tagged_logging.rb:135:in `block in tagged'
activesupport (7.1.3) lib/active_support/tagged_logging.rb:39:in `tagged'
activesupport (7.1.3) lib/active_support/tagged_logging.rb:135:in `tagged'
activesupport (7.1.3) lib/active_support/broadcast_logger.rb:240:in `method_missing'
railties (7.1.3) lib/rails/rack/logger.rb:24:in `call'
actionpack (7.1.3) lib/action_dispatch/middleware/remote_ip.rb:92:in `call'
actionpack (7.1.3) lib/action_dispatch/middleware/request_id.rb:28:in `call'
rack (3.0.8) lib/rack/runtime.rb:24:in `call'
activesupport (7.1.3) lib/active_support/cache/strategy/local_cache_middleware.rb:29:in `call'
actionpack (7.1.3) lib/action_dispatch/middleware/server_timing.rb:59:in `block in call'
actionpack (7.1.3) lib/action_dispatch/middleware/server_timing.rb:24:in `collect_events'
actionpack (7.1.3) lib/action_dispatch/middleware/server_timing.rb:58:in `call'
actionpack (7.1.3) lib/action_dispatch/middleware/executor.rb:14:in `call'
actionpack (7.1.3) lib/action_dispatch/middleware/static.rb:25:in `call'
rack (3.0.8) lib/rack/sendfile.rb:114:in `call'
actionpack (7.1.3) lib/action_dispatch/middleware/host_authorization.rb:141:in `call'
railties (7.1.3) lib/rails/engine.rb:536:in `call'
puma (6.4.2) lib/puma/configuration.rb:272:in `call'
puma (6.4.2) lib/puma/request.rb:100:in `block in handle_request'
puma (6.4.2) lib/puma/thread_pool.rb:378:in `with_force_shutdown'
puma (6.4.2) lib/puma/request.rb:99:in `handle_request'
puma (6.4.2) lib/puma/server.rb:464:in `process_client'
puma (6.4.2) lib/puma/server.rb:245:in `block in run'
puma (6.4.2) lib/puma/thread_pool.rb:155:in `block in spawn_thread'
  [1m[35m (0.3ms)[0m  [1m[34mSELECT pg_try_advisory_lock(6103821580448649120)[0m
  [1m[36mActiveRecord::SchemaMigration Load (1.2ms)[0m  [1m[34mSELECT "schema_migrations"."version" FROM "schema_migrations" ORDER BY "schema_migrations"."version" ASC[0m
  [1m[36mActiveRecord::InternalMetadata Load (3.7ms)[0m  [1m[34mSELECT * FROM "ar_internal_metadata" WHERE "ar_internal_metadata"."key" = $1 ORDER BY "ar_internal_metadata"."key" ASC LIMIT 1[0m  [[nil, "environment"]]
  [1m[36mActiveRecord::InternalMetadata Create (1.8ms)[0m  [1m[32mINSERT INTO "ar_internal_metadata" ("key", "value", "created_at", "updated_at") VALUES ('environment', 'development', '2024-01-23 18:16:46.297767', '2024-01-23 18:16:46.297769') RETURNING "key"[0m
Migrating to CreateApiKeys (20240121221347)
  [1m[36mTRANSACTION (0.1ms)[0m  [1m[35mBEGIN[0m
  [1m[35m (22.1ms)[0m  [1m[35mCREATE TABLE "api_keys" ("id" bigserial primary key, "key" character varying DEFAULT 'ksuk_edd7780bfeba046406782a1a67792002', "secret" character varying DEFAULT 'ksus_479baf6b252ec4bee32ff5de9c9f52d7', "name" character varying, "active" boolean, "created_at" timestamp(6) NOT NULL, "updated_at" timestamp(6) NOT NULL)[0m
  [1m[36mActiveRecord::SchemaMigration Create (0.4ms)[0m  [1m[32mINSERT INTO "schema_migrations" ("version") VALUES ('20240121221347') RETURNING "version"[0m
  [1m[36mTRANSACTION (0.5ms)[0m  [1m[35mCOMMIT[0m
  [1m[35m (0.8ms)[0m  [1m[34mSELECT pg_advisory_unlock(6103821580448649120)[0m
  [1m[36mActiveRecord::SchemaMigration Load (0.2ms)[0m  [1m[34mSELECT "schema_migrations"."version" FROM "schema_migrations" ORDER BY "schema_migrations"."version" ASC[0m
Started GET "/" for 127.0.0.1 at 2024-01-23 13:16:50 -0500
  [1m[36mActiveRecord::SchemaMigration Load (1.0ms)[0m  [1m[34mSELECT "schema_migrations"."version" FROM "schema_migrations" ORDER BY "schema_migrations"."version" ASC[0m
Processing by Rails::WelcomeController#index as HTML
  Rendering /Users/adamgoodman/.rbenv/versions/3.2.2/lib/ruby/gems/3.2.0/gems/railties-7.1.3/lib/rails/templates/rails/welcome/index.html.erb
  Rendered /Users/adamgoodman/.rbenv/versions/3.2.2/lib/ruby/gems/3.2.0/gems/railties-7.1.3/lib/rails/templates/rails/welcome/index.html.erb (Duration: 0.6ms | Allocations: 374)
Completed 200 OK in 9ms (Views: 2.6ms | ActiveRecord: 0.0ms | Allocations: 4849)


Started GET "/api/status" for 127.0.0.1 at 2024-01-23 13:17:01 -0500
  
ActionController::RoutingError (No route matches [GET] "/api/status"):
  
Started GET "/favicon.ico" for 127.0.0.1 at 2024-01-23 13:17:01 -0500
  
ActionController::RoutingError (No route matches [GET] "/favicon.ico"):
  
Started POST "/api" for ::1 at 2024-01-23 14:03:22 -0500
  [1m[36mActiveRecord::SchemaMigration Load (1.3ms)[0m  [1m[34mSELECT "schema_migrations"."version" FROM "schema_migrations" ORDER BY "schema_migrations"."version" ASC[0m
Processing by Api::Controller#status as */*
  [1m[36mApiKey Load (0.8ms)[0m  [1m[34mSELECT "api_keys".* FROM "api_keys" WHERE "api_keys"."key" = $1 AND "api_keys"."active" = $2 LIMIT $3[0m  [["key", "{\"p\":\"7GO/4IeEm4Xwz30b9eAMTwCk6BNUe22yUO6hJZZ6E9YXo9Y/fg==\",\"h\":{\"iv\":\"uHdClzX6Wqa1rbJH\",\"at\":\"RjsI/MJ53+1maX3w55HdQw==\"}}"], ["active", true], ["LIMIT", 1]]
  ↳ app/models/api_key.rb:17:in `validate'
Filter chain halted as :validate_request! rendered or redirected
Completed 200 OK in 103ms (Views: 0.2ms | ActiveRecord: 10.2ms | Allocations: 18317)


Started GET "/" for ::1 at 2024-01-23 14:04:35 -0500
Processing by Rails::WelcomeController#index as HTML
  Rendering /Users/adamgoodman/.rbenv/versions/3.2.2/lib/ruby/gems/3.2.0/gems/railties-7.1.3/lib/rails/templates/rails/welcome/index.html.erb
  Rendered /Users/adamgoodman/.rbenv/versions/3.2.2/lib/ruby/gems/3.2.0/gems/railties-7.1.3/lib/rails/templates/rails/welcome/index.html.erb (Duration: 0.6ms | Allocations: 371)
Completed 200 OK in 8ms (Views: 3.0ms | ActiveRecord: 0.0ms | Allocations: 4130)


Started GET "/api" for ::1 at 2024-01-23 14:04:39 -0500
Processing by Api::Controller#status as HTML
Completed 500 Internal Server Error in 1ms (ActiveRecord: 0.0ms | Allocations: 140)


  
NoMethodError (undefined method `gsub' for nil:NilClass):
  
app/controllers/api/controller.rb:11:in `validate_request!'
Started GET "/favicon.ico" for ::1 at 2024-01-23 14:04:39 -0500
  
ActionController::RoutingError (No route matches [GET] "/favicon.ico"):
  
Started GET "/api" for ::1 at 2024-01-23 14:05:20 -0500
  
NameError (undefined local variable or method `request' for Api::Controller:Class):
  
app/controllers/api/controller.rb:2:in `<class:Controller>'
app/controllers/api/controller.rb:1:in `<main>'
Started GET "/api" for ::1 at 2024-01-23 14:05:41 -0500
Processing by Api::Controller#status as HTML
Completed 200 OK in 0ms (Views: 0.1ms | ActiveRecord: 0.0ms | Allocations: 170)


Started GET "/up" for ::1 at 2024-01-23 14:11:27 -0500
Processing by Rails::HealthController#show as HTML
  Rendering html template
  Rendered html template (Duration: 0.0ms | Allocations: 8)
Completed 200 OK in 1ms (Views: 1.2ms | ActiveRecord: 0.0ms | Allocations: 643)


Started GET "/up" for ::1 at 2024-01-23 14:11:51 -0500
  
Zeitwerk::NameError (expected file /Users/adamgoodman/RubymineProjects/make_matcher/make_matcher_backend/app/controllers/health_controller.rb to define constant HealthController, but didn't):
  
zeitwerk (2.6.12) lib/zeitwerk/loader/callbacks.rb:33:in `on_file_autoloaded'
zeitwerk (2.6.12) lib/zeitwerk/kernel.rb:31:in `require'
activesupport (7.1.3) lib/active_support/inflector/methods.rb:290:in `const_get'
activesupport (7.1.3) lib/active_support/inflector/methods.rb:290:in `constantize'
activesupport (7.1.3) lib/active_support/core_ext/string/inflections.rb:74:in `constantize'
actionpack (7.1.3) lib/action_dispatch/http/request.rb:90:in `controller_class_for'
actionpack (7.1.3) lib/action_dispatch/request/utils.rb:100:in `action_encoding_template'
actionpack (7.1.3) lib/action_dispatch/request/utils.rb:85:in `encode'
actionpack (7.1.3) lib/action_dispatch/request/utils.rb:45:in `set_binary_encoding'
actionpack (7.1.3) lib/action_dispatch/http/parameters.rb:68:in `path_parameters='
actionpack (7.1.3) lib/action_dispatch/journey/router.rb:48:in `block in serve'
actionpack (7.1.3) lib/action_dispatch/journey/router.rb:131:in `block in find_routes'
actionpack (7.1.3) lib/action_dispatch/journey/router.rb:124:in `each'
actionpack (7.1.3) lib/action_dispatch/journey/router.rb:124:in `find_routes'
actionpack (7.1.3) lib/action_dispatch/journey/router.rb:32:in `serve'
actionpack (7.1.3) lib/action_dispatch/routing/route_set.rb:882:in `call'
rack (3.0.8) lib/rack/etag.rb:29:in `call'
rack (3.0.8) lib/rack/conditional_get.rb:31:in `call'
rack (3.0.8) lib/rack/head.rb:15:in `call'
activerecord (7.1.3) lib/active_record/migration.rb:655:in `call'
actionpack (7.1.3) lib/action_dispatch/middleware/callbacks.rb:29:in `block in call'
activesupport (7.1.3) lib/active_support/callbacks.rb:101:in `run_callbacks'
actionpack (7.1.3) lib/action_dispatch/middleware/callbacks.rb:28:in `call'
actionpack (7.1.3) lib/action_dispatch/middleware/executor.rb:14:in `call'
actionpack (7.1.3) lib/action_dispatch/middleware/actionable_exceptions.rb:16:in `call'
actionpack (7.1.3) lib/action_dispatch/middleware/debug_exceptions.rb:29:in `call'
actionpack (7.1.3) lib/action_dispatch/middleware/show_exceptions.rb:31:in `call'
railties (7.1.3) lib/rails/rack/logger.rb:37:in `call_app'
railties (7.1.3) lib/rails/rack/logger.rb:24:in `block in call'
activesupport (7.1.3) lib/active_support/tagged_logging.rb:135:in `block in tagged'
activesupport (7.1.3) lib/active_support/tagged_logging.rb:39:in `tagged'
activesupport (7.1.3) lib/active_support/tagged_logging.rb:135:in `tagged'
activesupport (7.1.3) lib/active_support/broadcast_logger.rb:240:in `method_missing'
railties (7.1.3) lib/rails/rack/logger.rb:24:in `call'
actionpack (7.1.3) lib/action_dispatch/middleware/remote_ip.rb:92:in `call'
actionpack (7.1.3) lib/action_dispatch/middleware/request_id.rb:28:in `call'
rack (3.0.8) lib/rack/runtime.rb:24:in `call'
activesupport (7.1.3) lib/active_support/cache/strategy/local_cache_middleware.rb:29:in `call'
actionpack (7.1.3) lib/action_dispatch/middleware/server_timing.rb:59:in `block in call'
actionpack (7.1.3) lib/action_dispatch/middleware/server_timing.rb:24:in `collect_events'
actionpack (7.1.3) lib/action_dispatch/middleware/server_timing.rb:58:in `call'
actionpack (7.1.3) lib/action_dispatch/middleware/executor.rb:14:in `call'
actionpack (7.1.3) lib/action_dispatch/middleware/static.rb:25:in `call'
rack (3.0.8) lib/rack/sendfile.rb:114:in `call'
actionpack (7.1.3) lib/action_dispatch/middleware/host_authorization.rb:141:in `call'
railties (7.1.3) lib/rails/engine.rb:536:in `call'
puma (6.4.2) lib/puma/configuration.rb:272:in `call'
puma (6.4.2) lib/puma/request.rb:100:in `block in handle_request'
puma (6.4.2) lib/puma/thread_pool.rb:378:in `with_force_shutdown'
puma (6.4.2) lib/puma/request.rb:99:in `handle_request'
puma (6.4.2) lib/puma/server.rb:464:in `process_client'
puma (6.4.2) lib/puma/server.rb:245:in `block in run'
puma (6.4.2) lib/puma/thread_pool.rb:155:in `block in spawn_thread'
Started GET "/up" for ::1 at 2024-01-23 14:12:00 -0500
Processing by HealthController#show as HTML
Completed 200 OK in 0ms (Views: 0.1ms | ActiveRecord: 0.0ms | Allocations: 125)


Started GET "/up" for ::1 at 2024-01-23 14:12:09 -0500
Processing by HealthController#show as HTML
Completed 200 OK in 0ms (Views: 0.1ms | ActiveRecord: 0.0ms | Allocations: 114)


Started GET "/up" for ::1 at 2024-01-23 14:12:28 -0500
Processing by HealthController#show as HTML
Completed 200 OK in 0ms (Views: 0.1ms | ActiveRecord: 0.0ms | Allocations: 116)


Started GET "/up" for ::1 at 2024-01-23 14:12:53 -0500
Processing by HealthController#show as HTML
Completed 200 OK in 0ms (Views: 0.1ms | ActiveRecord: 0.0ms | Allocations: 115)


Started GET "/" for ::1 at 2024-01-23 14:12:57 -0500
  
AbstractController::ActionNotFound (The action 'status' could not be found for ApplicationController):
  
actionpack (7.1.3) lib/abstract_controller/base.rb:155:in `process'
actionpack (7.1.3) lib/action_controller/metal.rb:227:in `dispatch'
actionpack (7.1.3) lib/action_controller/metal.rb:309:in `dispatch'
actionpack (7.1.3) lib/action_dispatch/routing/route_set.rb:49:in `dispatch'
actionpack (7.1.3) lib/action_dispatch/routing/route_set.rb:32:in `serve'
actionpack (7.1.3) lib/action_dispatch/journey/router.rb:51:in `block in serve'
actionpack (7.1.3) lib/action_dispatch/journey/router.rb:131:in `block in find_routes'
actionpack (7.1.3) lib/action_dispatch/journey/router.rb:124:in `each'
actionpack (7.1.3) lib/action_dispatch/journey/router.rb:124:in `find_routes'
actionpack (7.1.3) lib/action_dispatch/journey/router.rb:32:in `serve'
actionpack (7.1.3) lib/action_dispatch/routing/route_set.rb:882:in `call'
rack (3.0.8) lib/rack/etag.rb:29:in `call'
rack (3.0.8) lib/rack/conditional_get.rb:31:in `call'
rack (3.0.8) lib/rack/head.rb:15:in `call'
activerecord (7.1.3) lib/active_record/migration.rb:655:in `call'
actionpack (7.1.3) lib/action_dispatch/middleware/callbacks.rb:29:in `block in call'
activesupport (7.1.3) lib/active_support/callbacks.rb:101:in `run_callbacks'
actionpack (7.1.3) lib/action_dispatch/middleware/callbacks.rb:28:in `call'
actionpack (7.1.3) lib/action_dispatch/middleware/executor.rb:14:in `call'
actionpack (7.1.3) lib/action_dispatch/middleware/actionable_exceptions.rb:16:in `call'
actionpack (7.1.3) lib/action_dispatch/middleware/debug_exceptions.rb:29:in `call'
actionpack (7.1.3) lib/action_dispatch/middleware/show_exceptions.rb:31:in `call'
railties (7.1.3) lib/rails/rack/logger.rb:37:in `call_app'
railties (7.1.3) lib/rails/rack/logger.rb:24:in `block in call'
activesupport (7.1.3) lib/active_support/tagged_logging.rb:135:in `block in tagged'
activesupport (7.1.3) lib/active_support/tagged_logging.rb:39:in `tagged'
activesupport (7.1.3) lib/active_support/tagged_logging.rb:135:in `tagged'
activesupport (7.1.3) lib/active_support/broadcast_logger.rb:240:in `method_missing'
railties (7.1.3) lib/rails/rack/logger.rb:24:in `call'
actionpack (7.1.3) lib/action_dispatch/middleware/remote_ip.rb:92:in `call'
actionpack (7.1.3) lib/action_dispatch/middleware/request_id.rb:28:in `call'
rack (3.0.8) lib/rack/runtime.rb:24:in `call'
activesupport (7.1.3) lib/active_support/cache/strategy/local_cache_middleware.rb:29:in `call'
actionpack (7.1.3) lib/action_dispatch/middleware/server_timing.rb:59:in `block in call'
actionpack (7.1.3) lib/action_dispatch/middleware/server_timing.rb:24:in `collect_events'
actionpack (7.1.3) lib/action_dispatch/middleware/server_timing.rb:58:in `call'
actionpack (7.1.3) lib/action_dispatch/middleware/executor.rb:14:in `call'
actionpack (7.1.3) lib/action_dispatch/middleware/static.rb:25:in `call'
rack (3.0.8) lib/rack/sendfile.rb:114:in `call'
actionpack (7.1.3) lib/action_dispatch/middleware/host_authorization.rb:141:in `call'
railties (7.1.3) lib/rails/engine.rb:536:in `call'
puma (6.4.2) lib/puma/configuration.rb:272:in `call'
puma (6.4.2) lib/puma/request.rb:100:in `block in handle_request'
puma (6.4.2) lib/puma/thread_pool.rb:378:in `with_force_shutdown'
puma (6.4.2) lib/puma/request.rb:99:in `handle_request'
puma (6.4.2) lib/puma/server.rb:464:in `process_client'
puma (6.4.2) lib/puma/server.rb:245:in `block in run'
puma (6.4.2) lib/puma/thread_pool.rb:155:in `block in spawn_thread'
Started GET "/" for ::1 at 2024-01-23 14:13:18 -0500
  
ArgumentError (:to must respond to `action` or `call`, or it must be a String that includes '#'):
  
config/routes.rb:8:in `block in <main>'
config/routes.rb:1:in `<main>'
Started GET "/" for ::1 at 2024-01-23 14:13:43 -0500
Processing by HealthController#show as HTML
Completed 200 OK in 0ms (Views: 0.1ms | ActiveRecord: 0.0ms | Allocations: 114)


Started GET "/" for ::1 at 2024-01-23 14:15:04 -0500
Processing by ApplicationController#status as HTML
Completed 200 OK in 0ms (Views: 0.1ms | ActiveRecord: 0.0ms | Allocations: 98)


Started GET "/sdfsdf" for ::1 at 2024-01-23 14:15:08 -0500
  
ActionController::RoutingError (No route matches [GET] "/sdfsdf"):
  
  [1m[36mApiKey Count (1.8ms)[0m  [1m[34mSELECT COUNT(*) FROM "api_keys"[0m
  [1m[36mTRANSACTION (0.2ms)[0m  [1m[35mBEGIN[0m
  [1m[36mApiKey Exists? (1.2ms)[0m  [1m[34mSELECT 1 AS one FROM "api_keys" WHERE "api_keys"."key" = $1 LIMIT $2[0m  [["key", "{\"p\":\"7GO/4IeEm4Xwz30b9eAMTwCk6BNUe22yUO6hJZZ6E9YXo9Y/fg==\",\"h\":{\"iv\":\"uHdClzX6Wqa1rbJH\",\"at\":\"RjsI/MJ53+1maX3w55HdQw==\"}}"], ["LIMIT", 1]]
  [1m[36mApiKey Exists? (0.4ms)[0m  [1m[34mSELECT 1 AS one FROM "api_keys" WHERE "api_keys"."secret" = $1 LIMIT $2[0m  [["secret", "[FILTERED]"], ["LIMIT", 1]]
  [1m[36mApiKey Create (2.3ms)[0m  [1m[32mINSERT INTO "api_keys" ("key", "secret", "name", "active", "created_at", "updated_at") VALUES ($1, $2, $3, $4, $5, $6) RETURNING "id"[0m  [["key", "{\"p\":\"7GO/4IeEm4Xwz30b9eAMTwCk6BNUe22yUO6hJZZ6E9YXo9Y/fg==\",\"h\":{\"iv\":\"uHdClzX6Wqa1rbJH\",\"at\":\"RjsI/MJ53+1maX3w55HdQw==\"}}"], ["secret", "[FILTERED]"], ["name", "DEV"], ["active", true], ["created_at", "2024-01-23 19:16:19.753047"], ["updated_at", "2024-01-23 19:16:19.753047"]]
  [1m[36mTRANSACTION (0.5ms)[0m  [1m[35mCOMMIT[0m
  [1m[36mApiKey Load (0.5ms)[0m  [1m[34mSELECT "api_keys".* FROM "api_keys" ORDER BY "api_keys"."id" ASC LIMIT $1[0m  [["LIMIT", 1]]
  [1m[36mTRANSACTION (0.1ms)[0m  [1m[35mBEGIN[0m
  [1m[36mApiKey Exists? (0.9ms)[0m  [1m[34mSELECT 1 AS one FROM "api_keys" WHERE "api_keys"."key" = $1 AND "api_keys"."id" != $2 LIMIT $3[0m  [["key", "{\"p\":\"edXMvi9QFoaJKdetgZfTSbGrgtdewIvDvP04m0nbu5XT6gic6g==\",\"h\":{\"iv\":\"VjBbXCEOuUJTkymc\",\"at\":\"jYKuh20hIbJ3lONw4UAVhg==\"}}"], ["id", 1], ["LIMIT", 1]]
  [1m[36mApiKey Exists? (0.3ms)[0m  [1m[34mSELECT 1 AS one FROM "api_keys" WHERE "api_keys"."secret" = $1 AND "api_keys"."id" != $2 LIMIT $3[0m  [["secret", "[FILTERED]"], ["id", 1], ["LIMIT", 1]]
  [1m[36mApiKey Update (0.5ms)[0m  [1m[33mUPDATE "api_keys" SET "key" = $1, "secret" = $2, "updated_at" = $3 WHERE "api_keys"."id" = $4[0m  [["key", "{\"p\":\"edXMvi9QFoaJKdetgZfTSbGrgtdewIvDvP04m0nbu5XT6gic6g==\",\"h\":{\"iv\":\"VjBbXCEOuUJTkymc\",\"at\":\"jYKuh20hIbJ3lONw4UAVhg==\"}}"], ["secret", "[FILTERED]"], ["updated_at", "2024-01-23 19:17:04.697662"], ["id", 1]]
  [1m[36mTRANSACTION (0.7ms)[0m  [1m[35mCOMMIT[0m
Started POST "/api" for ::1 at 2024-01-23 14:17:28 -0500
Processing by Api::Controller#status as */*
  [1m[36mApiKey Load (0.8ms)[0m  [1m[34mSELECT "api_keys".* FROM "api_keys" WHERE "api_keys"."key" = $1 AND "api_keys"."active" = $2 LIMIT $3[0m  [["key", "{\"p\":\"7GO/4IeEm4Xwz30b9eAMTwCk6BNUe22yUO6hJZZ6E9YXo9Y/fg==\",\"h\":{\"iv\":\"uHdClzX6Wqa1rbJH\",\"at\":\"RjsI/MJ53+1maX3w55HdQw==\"}}"], ["active", true], ["LIMIT", 1]]
  ↳ app/models/api_key.rb:17:in `validate'
Filter chain halted as :validate_request! rendered or redirected
Completed 200 OK in 75ms (Views: 0.1ms | ActiveRecord: 12.8ms | Allocations: 5044)


Started POST "/api" for ::1 at 2024-01-23 14:17:50 -0500
Processing by Api::Controller#status as */*
  [1m[36mApiKey Load (0.3ms)[0m  [1m[34mSELECT "api_keys".* FROM "api_keys" WHERE "api_keys"."key" = $1 AND "api_keys"."active" = $2 LIMIT $3[0m  [["key", "{\"p\":\"edXMvi9QFoaJKdetgZfTSbGrgtdewIvDvP04m0nbu5XT6gic6g==\",\"h\":{\"iv\":\"VjBbXCEOuUJTkymc\",\"at\":\"jYKuh20hIbJ3lONw4UAVhg==\"}}"], ["active", true], ["LIMIT", 1]]
  ↳ app/models/api_key.rb:17:in `validate'
Completed 200 OK in 89ms (Views: 0.1ms | ActiveRecord: 3.9ms | Allocations: 11020)


Started GET "/" for ::1 at 2024-01-23 15:01:21 -0500
Processing by ApplicationController#status as HTML
Completed 200 OK in 0ms (Views: 0.2ms | ActiveRecord: 0.0ms | Allocations: 84)


